INFO main org.cote.pkglib.shell.PackageConfigurator - PackageConfigurator
INFO main org.cote.pkglib.shell.PackageConfigurator - PackageConfigurator
ERROR main org.cote.pkglib.shell.PackageConfigurator - Unrecognized option: -scriptConfig=
INFO main org.cote.pkglib.shell.PackageConfigurator - PackageConfigurator
ERROR main org.cote.pkglib.shell.PackageConfigurator - Missing argument for option: scriptConfig
INFO main org.cote.pkglib.shell.PackageConfigurator - PackageConfigurator
INFO main org.cote.pkglib.shell.PackageConfigurator - Processing /Users/Steve/Projects/Source/Web/Projects/Hemi/HemiFramework.package.xml with ./test.config.xml
INFO main org.cote.pkglib.shell.PackageConfigurator - PackageConfigurator
INFO main org.cote.pkglib.shell.PackageConfigurator - Processing /Users/Steve/Projects/Source/Web/Projects/Hemi/HemiFramework.package.xml with ./test.config.xml
INFO main org.cote.pkglib.factories.ScriptDocumentationFactory - Generating documentation in ./export/HemiFramework/api/
INFO main org.cote.pkglib.factories.ScriptDocumentationFactory - Skipping non JavaScript resource
INFO main org.cote.pkglib.factories.ScriptDocumentationFactory - Skipping non JavaScript resource
INFO main org.cote.pkglib.factories.ScriptDocumentationFactory - Generating documentation index in ./export/HemiFramework/api/
INFO main org.cote.pkglib.config.ScriptPackageConfigurator - Add new entry: hemi.js
INFO main org.cote.pkglib.config.ScriptPackageConfigurator - Add new entry: hemi.css.js
INFO main org.cote.pkglib.config.ScriptPackageConfigurator - Add new entry: hemi.data.stack.js
INFO main org.cote.pkglib.config.ScriptPackageConfigurator - Add new entry: hemi.data.validator.definitions.js
INFO main org.cote.pkglib.config.ScriptPackageConfigurator - Add new entry: hemi.event.js
INFO main org.cote.pkglib.config.ScriptPackageConfigurator - Add new entry: hemi.object.js
INFO main org.cote.pkglib.config.ScriptPackageConfigurator - Add new entry: hemi.object.xhtml.js
INFO main org.cote.pkglib.config.ScriptPackageConfigurator - Add new entry: hemi.storage.dom.js
INFO main org.cote.pkglib.config.ScriptPackageConfigurator - Add new entry: hemi.util.js
INFO main org.cote.pkglib.config.ScriptPackageConfigurator - Add new entry: hemi.util.logger.js
INFO main org.cote.pkglib.config.ScriptPackageConfigurator - Add new entry: hemi.util.config.js
INFO main org.cote.pkglib.config.ScriptPackageConfigurator - Add new entry: hemi.text.js
INFO main org.cote.pkglib.config.ScriptPackageConfigurator - Add new entry: hemi.util.thread.js
INFO main org.cote.pkglib.config.ScriptPackageConfigurator - Add new entry: hemi.wires.primitive.js
INFO main org.cote.pkglib.config.ScriptPackageConfigurator - Add new entry: hemi.util.url.js
INFO main org.cote.pkglib.config.ScriptPackageConfigurator - Add new entry: hemi.transaction.js
INFO main org.cote.pkglib.config.ScriptPackageConfigurator - Add new entry: hemi.driver.js
INFO main org.cote.pkglib.config.ScriptPackageConfigurator - Add new entry: hemi.app.module.js
INFO main org.cote.pkglib.config.ScriptPackageConfigurator - Add new entry: hemi.task.js
INFO main org.cote.pkglib.config.ScriptPackageConfigurator - Add new entry: hemi.data.form.js
INFO main org.cote.pkglib.config.ScriptPackageConfigurator - Add new entry: hemi.app.space.definitions.js
INFO main org.cote.pkglib.config.ScriptPackageConfigurator - Add new entry: hemi.app.space.js
INFO main org.cote.pkglib.config.ScriptPackageConfigurator - Add new entry: hemi.app.comp.js
INFO main org.cote.pkglib.config.ScriptPackageConfigurator - Add new entry: hemi.app.dwac.js
INFO main org.cote.pkglib.config.ScriptPackageConfigurator - Add new entry: hemi.app.js
INFO main org.cote.pkglib.config.ScriptPackageConfigurator - Add new entry: hemi.app.module.test.js
INFO main org.cote.pkglib.config.ScriptPackageConfigurator - Add new entry: hemi.data.io.js
INFO main org.cote.pkglib.config.ScriptPackageConfigurator - Add new entry: hemi.data.io.proxy.js
INFO main org.cote.pkglib.config.ScriptPackageConfigurator - Add new entry: hemi.data.validator.js
INFO main org.cote.pkglib.config.ScriptPackageConfigurator - Add new entry: hemi.graphics.canvas.js
INFO main org.cote.pkglib.config.ScriptPackageConfigurator - Add new entry: hemi.storage.iestore.js
INFO main org.cote.pkglib.config.ScriptPackageConfigurator - Add new entry: hemi.storage.js
INFO main org.cote.pkglib.config.ScriptPackageConfigurator - Add new entry: hemi.web.security.js
INFO main org.cote.pkglib.config.ScriptPackageConfigurator - Add new entry: hemi.worker.js
INFO main org.cote.pkglib.config.ScriptPackageConfigurator - Add new entry: hemi.framework.io.provider.js
INFO main org.cote.pkglib.config.ScriptPackageConfigurator - Add new entry: hemi.framework.io.offline.provider.js
INFO main org.cote.pkglib.config.ScriptPackageConfigurator - Add new entry: hemi.ui.util.js
INFO main org.cote.pkglib.config.ScriptPackageConfigurator - Add new entry: hemi.ui.wideselect.js
INFO main org.cote.pkglib.config.ScriptPackageConfigurator - Add new entry: hemi.monitor.js
INFO main org.cote.pkglib.config.ScriptPackageConfigurator - Add new entry: hemi.wires.js
INFO main org.cote.pkglib.config.ScriptPackageConfigurator - Writing configured resource: ./export/HemiFramework/./hemi.comp.js
INFO main org.cote.pkglib.config.ScriptPackageConfigurator - Writing ./export/HemiFramework/./hemi.comp.js
INFO main org.cote.pkglib.shell.PackageConfigurator - Finished configuration
INFO main org.cote.pkglib.shell.PackageConfigurator - PackageConfigurator
INFO main org.cote.pkglib.shell.PackageConfigurator - Processing /Users/Steve/Projects/Source/Web/Projects/Hemi/HemiFramework.package.xml with ./test.config.xml
INFO main org.cote.pkglib.factories.ScriptDocumentationFactory - Generating documentation in ./export/HemiFramework/api/
INFO main org.cote.pkglib.factories.ScriptDocumentationFactory - Skipping non JavaScript resource
INFO main org.cote.pkglib.factories.ScriptDocumentationFactory - Skipping non JavaScript resource
INFO main org.cote.pkglib.factories.ScriptDocumentationFactory - Generating documentation index in ./export/HemiFramework/api/
INFO main org.cote.pkglib.config.ScriptPackageConfigurator - Writing configured resource: ./export/HemiFramework/./hemi.comp.js
INFO main org.cote.pkglib.config.ScriptPackageConfigurator - Writing ./export/HemiFramework/./hemi.comp.js
INFO main org.cote.pkglib.shell.PackageConfigurator - Finished configuration
INFO main org.cote.pkglib.shell.PackageConfigurator - PackageConfigurator
INFO main org.cote.pkglib.shell.PackageConfigurator - Processing ../../Hemi/HemiFramework.package.xml with ../../Hemi/config.xml
INFO main org.cote.pkglib.factories.ScriptDocumentationFactory - Generating documentation in ./export/HemiFramework/api/
INFO main org.cote.pkglib.factories.ScriptDocumentationFactory - Skipping non JavaScript resource
INFO main org.cote.pkglib.factories.ScriptDocumentationFactory - Skipping non JavaScript resource
INFO main org.cote.pkglib.factories.ScriptDocumentationFactory - Generating documentation index in ./export/HemiFramework/api/
INFO main org.cote.pkglib.config.ScriptPackageConfigurator - Add new entry: hemi.js
INFO main org.cote.pkglib.config.ScriptPackageConfigurator - Add new entry: hemi.css.js
INFO main org.cote.pkglib.config.ScriptPackageConfigurator - Add new entry: hemi.data.stack.js
INFO main org.cote.pkglib.config.ScriptPackageConfigurator - Add new entry: hemi.data.validator.definitions.js
INFO main org.cote.pkglib.config.ScriptPackageConfigurator - Add new entry: hemi.event.js
INFO main org.cote.pkglib.config.ScriptPackageConfigurator - Add new entry: hemi.object.js
INFO main org.cote.pkglib.config.ScriptPackageConfigurator - Add new entry: hemi.object.xhtml.js
INFO main org.cote.pkglib.config.ScriptPackageConfigurator - Add new entry: hemi.storage.dom.js
INFO main org.cote.pkglib.config.ScriptPackageConfigurator - Add new entry: hemi.util.js
INFO main org.cote.pkglib.config.ScriptPackageConfigurator - Add new entry: hemi.util.logger.js
INFO main org.cote.pkglib.config.ScriptPackageConfigurator - Add new entry: hemi.util.config.js
INFO main org.cote.pkglib.config.ScriptPackageConfigurator - Add new entry: hemi.text.js
INFO main org.cote.pkglib.config.ScriptPackageConfigurator - Add new entry: hemi.util.thread.js
INFO main org.cote.pkglib.config.ScriptPackageConfigurator - Add new entry: hemi.wires.primitive.js
INFO main org.cote.pkglib.config.ScriptPackageConfigurator - Add new entry: hemi.util.url.js
INFO main org.cote.pkglib.config.ScriptPackageConfigurator - Add new entry: hemi.transaction.js
INFO main org.cote.pkglib.config.ScriptPackageConfigurator - Add new entry: hemi.driver.js
INFO main org.cote.pkglib.config.ScriptPackageConfigurator - Add new entry: hemi.app.module.js
INFO main org.cote.pkglib.config.ScriptPackageConfigurator - Add new entry: hemi.task.js
INFO main org.cote.pkglib.config.ScriptPackageConfigurator - Add new entry: hemi.data.form.js
INFO main org.cote.pkglib.config.ScriptPackageConfigurator - Add new entry: hemi.app.space.definitions.js
INFO main org.cote.pkglib.config.ScriptPackageConfigurator - Add new entry: hemi.app.space.js
INFO main org.cote.pkglib.config.ScriptPackageConfigurator - Add new entry: hemi.app.comp.js
INFO main org.cote.pkglib.config.ScriptPackageConfigurator - Add new entry: hemi.app.dwac.js
INFO main org.cote.pkglib.config.ScriptPackageConfigurator - Add new entry: hemi.app.js
INFO main org.cote.pkglib.config.ScriptPackageConfigurator - Add new entry: hemi.app.module.test.js
INFO main org.cote.pkglib.config.ScriptPackageConfigurator - Add new entry: hemi.data.io.js
INFO main org.cote.pkglib.config.ScriptPackageConfigurator - Add new entry: hemi.data.io.proxy.js
INFO main org.cote.pkglib.config.ScriptPackageConfigurator - Add new entry: hemi.data.validator.js
INFO main org.cote.pkglib.config.ScriptPackageConfigurator - Add new entry: hemi.graphics.canvas.js
INFO main org.cote.pkglib.config.ScriptPackageConfigurator - Add new entry: hemi.storage.iestore.js
INFO main org.cote.pkglib.config.ScriptPackageConfigurator - Add new entry: hemi.storage.js
INFO main org.cote.pkglib.config.ScriptPackageConfigurator - Add new entry: hemi.web.security.js
INFO main org.cote.pkglib.config.ScriptPackageConfigurator - Add new entry: hemi.worker.js
INFO main org.cote.pkglib.config.ScriptPackageConfigurator - Add new entry: hemi.framework.io.provider.js
INFO main org.cote.pkglib.config.ScriptPackageConfigurator - Add new entry: hemi.framework.io.offline.provider.js
INFO main org.cote.pkglib.config.ScriptPackageConfigurator - Add new entry: hemi.ui.util.js
INFO main org.cote.pkglib.config.ScriptPackageConfigurator - Add new entry: hemi.ui.wideselect.js
INFO main org.cote.pkglib.config.ScriptPackageConfigurator - Add new entry: hemi.monitor.js
INFO main org.cote.pkglib.config.ScriptPackageConfigurator - Add new entry: hemi.wires.js
INFO main org.cote.pkglib.config.ScriptPackageConfigurator - Writing configured resource: ./export/HemiFramework/./hemi.comp.js
INFO main org.cote.pkglib.config.ScriptPackageConfigurator - Writing ./export/HemiFramework/./hemi.comp.js
INFO main org.cote.pkglib.shell.PackageConfigurator - Finished configuration
